<?xml version="1.0" encoding="UTF-8"?>
<!-- Generated by org.testng.reporters.JUnitXMLReporter -->
<testsuite ignored="0" hostname="DESKTOP-GPMUPMF" failures="0" tests="3" name="Default test" time="0.033" errors="0" timestamp="2023-05-25T11:56:37 EDT">
  <testcase classname="com.qt.framework.TestNGDataProviders" name="newtest" time="0.003"/>
  <testcase classname="com.qt.framework.TestNGDataProviders" name="newtest" time="0.0"/>
  <testcase classname="com.qt.framework.TestNGDataProviders" name="newtest" time="0.0"/>
</testsuite> <!-- Default test -->
