<?xml version="1.0" encoding="UTF-8"?>
<testng-results ignored="0" total="3" passed="3" failed="0" skipped="0">
  <reporter-output>
  </reporter-output>
  <suite started-at="2023-05-25T11:56:36 EDT" name="Default suite" finished-at="2023-05-25T11:56:37 EDT" duration-ms="33">
    <groups>
    </groups>
    <test started-at="2023-05-25T11:56:36 EDT" name="Default test" finished-at="2023-05-25T11:56:37 EDT" duration-ms="33">
      <class name="com.qt.framework.TestNGDataProviders">
        <test-method signature="newtest(java.lang.String)[pri:0, instance:com.qt.framework.TestNGDataProviders@c267ef4]" started-at="2023-05-25T11:56:36 EDT" name="newtest" data-provider="testData_Privider" finished-at="2023-05-25T11:56:36 EDT" duration-ms="3" status="PASS">
          <params>
            <param index="0">
              <value>
                <![CDATA[Test]]>
              </value>
            </param>
          </params>
          <reporter-output>
          </reporter-output>
        </test-method> <!-- newtest -->
        <test-method signature="newtest(java.lang.String)[pri:0, instance:com.qt.framework.TestNGDataProviders@c267ef4]" started-at="2023-05-25T11:56:37 EDT" name="newtest" data-provider="testData_Privider" finished-at="2023-05-25T11:56:37 EDT" duration-ms="0" status="PASS">
          <params>
            <param index="0">
              <value>
                <![CDATA[testing]]>
              </value>
            </param>
          </params>
          <reporter-output>
          </reporter-output>
        </test-method> <!-- newtest -->
        <test-method signature="newtest(java.lang.String)[pri:0, instance:com.qt.framework.TestNGDataProviders@c267ef4]" started-at="2023-05-25T11:56:37 EDT" name="newtest" data-provider="testData_Privider" finished-at="2023-05-25T11:56:37 EDT" duration-ms="0" status="PASS">
          <params>
            <param index="0">
              <value>
                <![CDATA[Tester]]>
              </value>
            </param>
          </params>
          <reporter-output>
          </reporter-output>
        </test-method> <!-- newtest -->
      </class> <!-- com.qt.framework.TestNGDataProviders -->
    </test> <!-- Default test -->
  </suite> <!-- Default suite -->
</testng-results>
